<?xml version="1.0" encoding="UTF-8"?>
<testng-results ignored="2" total="4" passed="1" failed="1" skipped="0">
  <reporter-output>
  </reporter-output>
  <suite started-at="2024-02-11T15:04:33Z" name="Regression Test" finished-at="2024-02-11T15:05:18Z" duration-ms="45444">
    <groups>
    </groups>
    <test started-at="2024-02-11T15:04:33Z" name="Inqury Test" finished-at="2024-02-11T15:05:18Z" duration-ms="45444">
      <class name="com.companyname.projectname.testcases.login.PostInquiry004POM">
        <test-method is-config="true" signature="init()[pri:0, instance:com.companyname.projectname.testcases.login.PostInquiry004POM@17d88132]" started-at="2024-02-11T15:04:32Z" name="init" finished-at="2024-02-11T15:04:33Z" duration-ms="919" status="PASS">
          <reporter-output>
          </reporter-output>
        </test-method> <!-- init -->
        <test-method is-config="true" signature="getTestCaseNameAndStartReporting()[pri:0, instance:com.companyname.projectname.testcases.login.PostInquiry004POM@17d88132]" started-at="2024-02-11T15:04:33Z" name="getTestCaseNameAndStartReporting" finished-at="2024-02-11T15:04:33Z" duration-ms="6" status="PASS">
          <reporter-output>
          </reporter-output>
        </test-method> <!-- getTestCaseNameAndStartReporting -->
        <test-method is-config="true" signature="launchBrowser()[pri:0, instance:com.companyname.projectname.testcases.login.PostInquiry004POM@17d88132]" started-at="2024-02-11T15:04:33Z" name="launchBrowser" finished-at="2024-02-11T15:04:54Z" duration-ms="21703" status="PASS">
          <reporter-output>
          </reporter-output>
        </test-method> <!-- launchBrowser -->
        <test-method signature="postInquiry004POM(java.util.Hashtable)[pri:0, instance:com.companyname.projectname.testcases.login.PostInquiry004POM@17d88132]" started-at="2024-02-11T15:04:54Z" name="postInquiry004POM" description="description-loginToInstagramWithValidCred" data-provider="data_Collection" finished-at="2024-02-11T15:04:57Z" duration-ms="2595" status="PASS">
          <params>
            <param index="0">
              <value>
                <![CDATA[{course=Selnium, Phone_No=353535353, Page_Title=BYMAT Automation - Boost your Mind with Automation Technology, Question=Message_Pankaj, Email_ID=Pankaj@gmail.com, Password=passd1235, Sr.No=1, First_Name=Pankaj}]]>
              </value>
            </param>
          </params>
          <reporter-output>
          </reporter-output>
        </test-method> <!-- postInquiry004POM -->
        <test-method is-config="true" signature="generateReport()[pri:0, instance:com.companyname.projectname.testcases.login.PostInquiry004POM@17d88132]" started-at="2024-02-11T15:05:18Z" name="generateReport" finished-at="2024-02-11T15:05:19Z" duration-ms="398" status="PASS">
          <reporter-output>
          </reporter-output>
        </test-method> <!-- generateReport -->
      </class> <!-- com.companyname.projectname.testcases.login.PostInquiry004POM -->
      <class name="com.companyname.projectname.testcases.login.ProvideFeedbackOnUrbanPro">
        <test-method is-config="true" signature="getTestCaseNameAndStartReporting()[pri:0, instance:com.companyname.projectname.testcases.login.ProvideFeedbackOnUrbanPro@5ddcc487]" started-at="2024-02-11T15:04:57Z" name="getTestCaseNameAndStartReporting" finished-at="2024-02-11T15:04:57Z" duration-ms="1" status="PASS">
          <reporter-output>
          </reporter-output>
        </test-method> <!-- getTestCaseNameAndStartReporting -->
        <test-method is-config="true" signature="launchBrowser()[pri:0, instance:com.companyname.projectname.testcases.login.ProvideFeedbackOnUrbanPro@5ddcc487]" started-at="2024-02-11T15:04:57Z" name="launchBrowser" finished-at="2024-02-11T15:05:16Z" duration-ms="18948" status="PASS">
          <reporter-output>
          </reporter-output>
        </test-method> <!-- launchBrowser -->
        <test-method signature="provideFeedbackOnUrbanPro(java.util.Hashtable)[pri:0, instance:com.companyname.projectname.testcases.login.ProvideFeedbackOnUrbanPro@5ddcc487]" started-at="2024-02-11T15:05:16Z" name="provideFeedbackOnUrbanPro" description="description-loginToInstagramWithValidCred" data-provider="data_Collection" finished-at="2024-02-11T15:05:18Z" duration-ms="1341" status="FAIL">
          <params>
            <param index="0">
              <value>
                <![CDATA[{Phone_No=353535353, Page_Title=BYMAT Automation - Boost your Mind with Automation Technology, Email_ID=feedback@gmail.com, Password=passd1235, Message=NA, Sr.No=1, First_Name=Feedback}]]>
              </value>
            </param>
          </params>
          <exception class="org.openqa.selenium.InvalidSelectorException">
            <message>
              <![CDATA[invalid selector: Unable to locate an element with the xpath expression  because of the following error:
SyntaxError: Failed to execute 'evaluate' on 'Document': The string '' is not a valid XPath expression.
  (Session info: chrome=121.0.6167.161)
For documentation on this error, please visit: https://www.selenium.dev/documentation/webdriver/troubleshooting/errors#invalid-selector-exception
Build info: version: '4.12.1', revision: '8e34639b11'
System info: os.name: 'Windows 10', os.arch: 'amd64', os.version: '10.0', java.version: '16.0.2'
Driver info: org.openqa.selenium.chrome.ChromeDriver
Command: [8c940a808a7bcf9d5cffc002f96dba0f, findElement {using=xpath, value=}]
Capabilities {acceptInsecureCerts: false, browserName: chrome, browserVersion: 121.0.6167.161, chrome: {chromedriverVersion: 121.0.6167.85 (3f98d690ad7e..., userDataDir: C:\Users\rahul\AppData\Loca...}, fedcm:accounts: true, goog:chromeOptions: {debuggerAddress: localhost:65016}, networkConnectionEnabled: false, pageLoadStrategy: normal, platformName: windows, proxy: Proxy(), se:cdp: ws://localhost:65016/devtoo..., se:cdpVersion: 121.0.6167.161, setWindowRect: true, strictFileInteractability: false, timeouts: {implicit: 0, pageLoad: 300000, script: 30000}, unhandledPromptBehavior: dismiss and notify, webauthn:extension:credBlob: true, webauthn:extension:largeBlob: true, webauthn:extension:minPinLength: true, webauthn:extension:prf: true, webauthn:virtualAuthenticators: true}
Session ID: 8c940a808a7bcf9d5cffc002f96dba0f]]>
            </message>
            <full-stacktrace>
              <![CDATA[org.openqa.selenium.InvalidSelectorException: invalid selector: Unable to locate an element with the xpath expression  because of the following error:
SyntaxError: Failed to execute 'evaluate' on 'Document': The string '' is not a valid XPath expression.
  (Session info: chrome=121.0.6167.161)
For documentation on this error, please visit: https://www.selenium.dev/documentation/webdriver/troubleshooting/errors#invalid-selector-exception
Build info: version: '4.12.1', revision: '8e34639b11'
System info: os.name: 'Windows 10', os.arch: 'amd64', os.version: '10.0', java.version: '16.0.2'
Driver info: org.openqa.selenium.chrome.ChromeDriver
Command: [8c940a808a7bcf9d5cffc002f96dba0f, findElement {using=xpath, value=}]
Capabilities {acceptInsecureCerts: false, browserName: chrome, browserVersion: 121.0.6167.161, chrome: {chromedriverVersion: 121.0.6167.85 (3f98d690ad7e..., userDataDir: C:\Users\rahul\AppData\Loca...}, fedcm:accounts: true, goog:chromeOptions: {debuggerAddress: localhost:65016}, networkConnectionEnabled: false, pageLoadStrategy: normal, platformName: windows, proxy: Proxy(), se:cdp: ws://localhost:65016/devtoo..., se:cdpVersion: 121.0.6167.161, setWindowRect: true, strictFileInteractability: false, timeouts: {implicit: 0, pageLoad: 300000, script: 30000}, unhandledPromptBehavior: dismiss and notify, webauthn:extension:credBlob: true, webauthn:extension:largeBlob: true, webauthn:extension:minPinLength: true, webauthn:extension:prf: true, webauthn:virtualAuthenticators: true}
Session ID: 8c940a808a7bcf9d5cffc002f96dba0f
	at java.base/jdk.internal.reflect.NativeConstructorAccessorImpl.newInstance0(Native Method)
	at java.base/jdk.internal.reflect.NativeConstructorAccessorImpl.newInstance(NativeConstructorAccessorImpl.java:78)
	at java.base/jdk.internal.reflect.DelegatingConstructorAccessorImpl.newInstance(DelegatingConstructorAccessorImpl.java:45)
	at java.base/java.lang.reflect.Constructor.newInstanceWithCaller(Constructor.java:499)
	at java.base/java.lang.reflect.Constructor.newInstance(Constructor.java:480)
	at org.openqa.selenium.remote.codec.w3c.W3CHttpResponseCodec.createException(W3CHttpResponseCodec.java:200)
	at org.openqa.selenium.remote.codec.w3c.W3CHttpResponseCodec.decode(W3CHttpResponseCodec.java:133)
	at org.openqa.selenium.remote.codec.w3c.W3CHttpResponseCodec.decode(W3CHttpResponseCodec.java:52)
	at org.openqa.selenium.remote.HttpCommandExecutor.execute(HttpCommandExecutor.java:191)
	at org.openqa.selenium.remote.service.DriverCommandExecutor.invokeExecute(DriverCommandExecutor.java:196)
	at org.openqa.selenium.remote.service.DriverCommandExecutor.execute(DriverCommandExecutor.java:171)
	at org.openqa.selenium.remote.RemoteWebDriver.execute(RemoteWebDriver.java:602)
	at org.openqa.selenium.remote.ElementLocation$ElementFinder$2.findElement(ElementLocation.java:165)
	at org.openqa.selenium.remote.ElementLocation.findElement(ElementLocation.java:59)
	at org.openqa.selenium.remote.RemoteWebDriver.findElement(RemoteWebDriver.java:359)
	at org.openqa.selenium.remote.RemoteWebDriver.findElement(RemoteWebDriver.java:353)
	at com.companyname.projectname.utility.CommonMethods.selectByValue(CommonMethods.java:71)
	at com.companyname.projectname.pages.UrbanProPage.provideFeedbackOnUrbanProPlatform(UrbanProPage.java:16)
	at com.companyname.projectname.testcases.login.ProvideFeedbackOnUrbanPro.provideFeedbackOnUrbanPro(ProvideFeedbackOnUrbanPro.java:20)
	at java.base/jdk.internal.reflect.NativeMethodAccessorImpl.invoke0(Native Method)
	at java.base/jdk.internal.reflect.NativeMethodAccessorImpl.invoke(NativeMethodAccessorImpl.java:78)
	at java.base/jdk.internal.reflect.DelegatingMethodAccessorImpl.invoke(DelegatingMethodAccessorImpl.java:43)
	at java.base/java.lang.reflect.Method.invoke(Method.java:567)
	at org.testng.internal.MethodInvocationHelper.invokeMethod(MethodInvocationHelper.java:104)
	at org.testng.internal.Invoker.invokeMethod(Invoker.java:645)
	at org.testng.internal.Invoker.invokeTestMethod(Invoker.java:851)
	at org.testng.internal.Invoker.invokeTestMethods(Invoker.java:1177)
	at org.testng.internal.TestMethodWorker.invokeTestMethods(TestMethodWorker.java:129)
	at org.testng.internal.TestMethodWorker.run(TestMethodWorker.java:112)
	at org.testng.TestRunner.privateRun(TestRunner.java:756)
	at org.testng.TestRunner.run(TestRunner.java:610)
	at org.testng.SuiteRunner.runTest(SuiteRunner.java:387)
	at org.testng.SuiteRunner.runSequentially(SuiteRunner.java:382)
	at org.testng.SuiteRunner.privateRun(SuiteRunner.java:340)
	at org.testng.SuiteRunner.run(SuiteRunner.java:289)
	at org.testng.SuiteRunnerWorker.runSuite(SuiteRunnerWorker.java:52)
	at org.testng.SuiteRunnerWorker.run(SuiteRunnerWorker.java:86)
	at org.testng.TestNG.runSuitesSequentially(TestNG.java:1293)
	at org.testng.TestNG.runSuitesLocally(TestNG.java:1218)
	at org.testng.TestNG.runSuites(TestNG.java:1133)
	at org.testng.TestNG.run(TestNG.java:1104)
	at org.testng.remote.AbstractRemoteTestNG.run(AbstractRemoteTestNG.java:115)
	at org.testng.remote.RemoteTestNG.initAndRun(RemoteTestNG.java:251)
	at org.testng.remote.RemoteTestNG.main(RemoteTestNG.java:77)
]]>
            </full-stacktrace>
          </exception> <!-- org.openqa.selenium.InvalidSelectorException -->
          <reporter-output>
          </reporter-output>
        </test-method> <!-- provideFeedbackOnUrbanPro -->
      </class> <!-- com.companyname.projectname.testcases.login.ProvideFeedbackOnUrbanPro -->
    </test> <!-- Inqury Test -->
  </suite> <!-- Regression Test -->
</testng-results>
