<?xml version="1.0" encoding="UTF-8"?>
<testng-results ignored="2" total="4" passed="1" failed="1" skipped="0">
  <reporter-output>
  </reporter-output>
  <suite started-at="2023-11-05T07:37:15 GMT" name="Regression Test" finished-at="2023-11-05T07:37:42 GMT" duration-ms="26878">
    <groups>
    </groups>
    <test started-at="2023-11-05T07:37:15 GMT" name="Inqury Test" finished-at="2023-11-05T07:37:42 GMT" duration-ms="26878">
      <class name="com.companyname.projectname.testcases.login.PostInquiry004POM">
        <test-method is-config="true" signature="init()[pri:0, instance:com.companyname.projectname.testcases.login.PostInquiry004POM@235ecd9f]" started-at="2023-11-05T07:37:13 GMT" name="init" finished-at="2023-11-05T07:37:15 GMT" duration-ms="1994" status="PASS">
          <reporter-output>
          </reporter-output>
        </test-method> <!-- init -->
        <test-method is-config="true" signature="getTestCaseNameAndStartReporting()[pri:0, instance:com.companyname.projectname.testcases.login.PostInquiry004POM@235ecd9f]" started-at="2023-11-05T07:37:15 GMT" name="getTestCaseNameAndStartReporting" finished-at="2023-11-05T07:37:15 GMT" duration-ms="17" status="PASS">
          <reporter-output>
          </reporter-output>
        </test-method> <!-- getTestCaseNameAndStartReporting -->
        <test-method is-config="true" signature="launchBrowser()[pri:0, instance:com.companyname.projectname.testcases.login.PostInquiry004POM@235ecd9f]" started-at="2023-11-05T07:37:15 GMT" name="launchBrowser" finished-at="2023-11-05T07:37:26 GMT" duration-ms="11263" status="PASS">
          <reporter-output>
          </reporter-output>
        </test-method> <!-- launchBrowser -->
        <test-method signature="postInquiry004POM(java.util.Hashtable)[pri:0, instance:com.companyname.projectname.testcases.login.PostInquiry004POM@235ecd9f]" started-at="2023-11-05T07:37:26 GMT" name="postInquiry004POM" description="description-loginToInstagramWithValidCred" data-provider="data_Collection" finished-at="2023-11-05T07:37:30 GMT" duration-ms="3307" status="PASS">
          <params>
            <param index="0">
              <value>
                <![CDATA[{course=Selnium, Phone_No=353535353, Page_Title=BYMAT Automation - Boost your Mind with Automation Technology, Question=Message_Pankaj, Email_ID=Pankaj@gmail.com, Password=passd1235, Sr.No=1, First_Name=Pankaj}]]>
              </value>
            </param>
          </params>
          <reporter-output>
          </reporter-output>
        </test-method> <!-- postInquiry004POM -->
        <test-method is-config="true" signature="quitDriver()[pri:0, instance:com.companyname.projectname.testcases.login.PostInquiry004POM@235ecd9f]" started-at="2023-11-05T07:37:30 GMT" name="quitDriver" finished-at="2023-11-05T07:37:30 GMT" duration-ms="640" status="PASS">
          <reporter-output>
          </reporter-output>
        </test-method> <!-- quitDriver -->
        <test-method is-config="true" signature="generateReport()[pri:0, instance:com.companyname.projectname.testcases.login.PostInquiry004POM@235ecd9f]" started-at="2023-11-05T07:37:42 GMT" name="generateReport" finished-at="2023-11-05T07:37:43 GMT" duration-ms="1295" status="PASS">
          <reporter-output>
          </reporter-output>
        </test-method> <!-- generateReport -->
      </class> <!-- com.companyname.projectname.testcases.login.PostInquiry004POM -->
      <class name="com.companyname.projectname.testcases.login.ProvideFeedbackOnUrbanPro">
        <test-method is-config="true" signature="getTestCaseNameAndStartReporting()[pri:0, instance:com.companyname.projectname.testcases.login.ProvideFeedbackOnUrbanPro@663c9e7a]" started-at="2023-11-05T07:37:30 GMT" name="getTestCaseNameAndStartReporting" finished-at="2023-11-05T07:37:30 GMT" duration-ms="2" status="PASS">
          <reporter-output>
          </reporter-output>
        </test-method> <!-- getTestCaseNameAndStartReporting -->
        <test-method is-config="true" signature="launchBrowser()[pri:0, instance:com.companyname.projectname.testcases.login.ProvideFeedbackOnUrbanPro@663c9e7a]" started-at="2023-11-05T07:37:30 GMT" name="launchBrowser" finished-at="2023-11-05T07:37:37 GMT" duration-ms="7265" status="PASS">
          <reporter-output>
          </reporter-output>
        </test-method> <!-- launchBrowser -->
        <test-method signature="provideFeedbackOnUrbanPro(java.util.Hashtable)[pri:0, instance:com.companyname.projectname.testcases.login.ProvideFeedbackOnUrbanPro@663c9e7a]" started-at="2023-11-05T07:37:37 GMT" name="provideFeedbackOnUrbanPro" description="description-loginToInstagramWithValidCred" data-provider="data_Collection" finished-at="2023-11-05T07:37:40 GMT" duration-ms="2980" status="FAIL">
          <params>
            <param index="0">
              <value>
                <![CDATA[{Phone_No=353535353, Page_Title=BYMAT Automation - Boost your Mind with Automation Technology, Email_ID=feedback@gmail.com, Password=passd1235, Message=NA, Sr.No=1, First_Name=Feedback}]]>
              </value>
            </param>
          </params>
          <exception class="org.openqa.selenium.InvalidSelectorException">
            <message>
              <![CDATA[invalid selector: Unable to locate an element with the xpath expression  because of the following error:
SyntaxError: Failed to execute 'evaluate' on 'Document': The string '' is not a valid XPath expression.
  (Session info: chrome=119.0.6045.105)
For documentation on this error, please visit: https://www.selenium.dev/documentation/webdriver/troubleshooting/errors#invalid-selector-exception
Build info: version: '4.12.1', revision: '8e34639b11'
System info: os.name: 'Windows 10', os.arch: 'amd64', os.version: '10.0', java.version: '16.0.2'
Driver info: org.openqa.selenium.chrome.ChromeDriver
Command: [f44c896bb87655ef9e6c18234d3cfd85, findElement {using=xpath, value=}]
Capabilities {acceptInsecureCerts: false, browserName: chrome, browserVersion: 119.0.6045.105, chrome: {chromedriverVersion: 119.0.6045.105 (38c72552c5e..., userDataDir: C:\Users\rahul\AppData\Loca...}, fedcm:accounts: true, goog:chromeOptions: {debuggerAddress: localhost:50878}, networkConnectionEnabled: false, pageLoadStrategy: normal, platformName: windows, proxy: Proxy(), se:cdp: ws://localhost:50878/devtoo..., se:cdpVersion: 119.0.6045.105, setWindowRect: true, strictFileInteractability: false, timeouts: {implicit: 0, pageLoad: 300000, script: 30000}, unhandledPromptBehavior: dismiss and notify, webauthn:extension:credBlob: true, webauthn:extension:largeBlob: true, webauthn:extension:minPinLength: true, webauthn:extension:prf: true, webauthn:virtualAuthenticators: true}
Session ID: f44c896bb87655ef9e6c18234d3cfd85]]>
            </message>
            <full-stacktrace>
              <![CDATA[org.openqa.selenium.InvalidSelectorException: invalid selector: Unable to locate an element with the xpath expression  because of the following error:
SyntaxError: Failed to execute 'evaluate' on 'Document': The string '' is not a valid XPath expression.
  (Session info: chrome=119.0.6045.105)
For documentation on this error, please visit: https://www.selenium.dev/documentation/webdriver/troubleshooting/errors#invalid-selector-exception
Build info: version: '4.12.1', revision: '8e34639b11'
System info: os.name: 'Windows 10', os.arch: 'amd64', os.version: '10.0', java.version: '16.0.2'
Driver info: org.openqa.selenium.chrome.ChromeDriver
Command: [f44c896bb87655ef9e6c18234d3cfd85, findElement {using=xpath, value=}]
Capabilities {acceptInsecureCerts: false, browserName: chrome, browserVersion: 119.0.6045.105, chrome: {chromedriverVersion: 119.0.6045.105 (38c72552c5e..., userDataDir: C:\Users\rahul\AppData\Loca...}, fedcm:accounts: true, goog:chromeOptions: {debuggerAddress: localhost:50878}, networkConnectionEnabled: false, pageLoadStrategy: normal, platformName: windows, proxy: Proxy(), se:cdp: ws://localhost:50878/devtoo..., se:cdpVersion: 119.0.6045.105, setWindowRect: true, strictFileInteractability: false, timeouts: {implicit: 0, pageLoad: 300000, script: 30000}, unhandledPromptBehavior: dismiss and notify, webauthn:extension:credBlob: true, webauthn:extension:largeBlob: true, webauthn:extension:minPinLength: true, webauthn:extension:prf: true, webauthn:virtualAuthenticators: true}
Session ID: f44c896bb87655ef9e6c18234d3cfd85
at java.base/jdk.internal.reflect.NativeConstructorAccessorImpl.newInstance0(Native Method)
at java.base/jdk.internal.reflect.NativeConstructorAccessorImpl.newInstance(NativeConstructorAccessorImpl.java:78)
at java.base/jdk.internal.reflect.DelegatingConstructorAccessorImpl.newInstance(DelegatingConstructorAccessorImpl.java:45)
at java.base/java.lang.reflect.Constructor.newInstanceWithCaller(Constructor.java:499)
at java.base/java.lang.reflect.Constructor.newInstance(Constructor.java:480)
at org.openqa.selenium.remote.codec.w3c.W3CHttpResponseCodec.createException(W3CHttpResponseCodec.java:200)
at org.openqa.selenium.remote.codec.w3c.W3CHttpResponseCodec.decode(W3CHttpResponseCodec.java:133)
at org.openqa.selenium.remote.codec.w3c.W3CHttpResponseCodec.decode(W3CHttpResponseCodec.java:52)
at org.openqa.selenium.remote.HttpCommandExecutor.execute(HttpCommandExecutor.java:191)
at org.openqa.selenium.remote.service.DriverCommandExecutor.invokeExecute(DriverCommandExecutor.java:196)
at org.openqa.selenium.remote.service.DriverCommandExecutor.execute(DriverCommandExecutor.java:171)
at org.openqa.selenium.remote.RemoteWebDriver.execute(RemoteWebDriver.java:602)
at org.openqa.selenium.remote.ElementLocation$ElementFinder$2.findElement(ElementLocation.java:165)
at org.openqa.selenium.remote.ElementLocation.findElement(ElementLocation.java:59)
at org.openqa.selenium.remote.RemoteWebDriver.findElement(RemoteWebDriver.java:359)
at org.openqa.selenium.remote.RemoteWebDriver.findElement(RemoteWebDriver.java:353)
at com.companyname.projectname.utility.CommonMethods.selectByValue(CommonMethods.java:71)
at com.companyname.projectname.pages.UrbanProPage.provideFeedbackOnUrbanProPlatform(UrbanProPage.java:16)
at com.companyname.projectname.testcases.login.ProvideFeedbackOnUrbanPro.provideFeedbackOnUrbanPro(ProvideFeedbackOnUrbanPro.java:19)
at java.base/jdk.internal.reflect.NativeMethodAccessorImpl.invoke0(Native Method)
at java.base/jdk.internal.reflect.NativeMethodAccessorImpl.invoke(NativeMethodAccessorImpl.java:78)
at java.base/jdk.internal.reflect.DelegatingMethodAccessorImpl.invoke(DelegatingMethodAccessorImpl.java:43)
at java.base/java.lang.reflect.Method.invoke(Method.java:567)
at org.testng.internal.invokers.MethodInvocationHelper.invokeMethod(MethodInvocationHelper.java:139)
at org.testng.internal.invokers.TestInvoker.invokeMethod(TestInvoker.java:677)
at org.testng.internal.invokers.TestInvoker.invokeTestMethod(TestInvoker.java:221)
at org.testng.internal.invokers.MethodRunner.runInSequence(MethodRunner.java:50)
at org.testng.internal.invokers.TestInvoker$MethodInvocationAgent.invoke(TestInvoker.java:969)
at org.testng.internal.invokers.TestInvoker.invokeTestMethods(TestInvoker.java:194)
at org.testng.internal.invokers.TestMethodWorker.invokeTestMethods(TestMethodWorker.java:148)
at org.testng.internal.invokers.TestMethodWorker.run(TestMethodWorker.java:128)
at java.base/java.util.ArrayList.forEach(ArrayList.java:1511)
at org.testng.TestRunner.privateRun(TestRunner.java:829)
at org.testng.TestRunner.run(TestRunner.java:602)
at org.testng.SuiteRunner.runTest(SuiteRunner.java:437)
at org.testng.SuiteRunner.runSequentially(SuiteRunner.java:431)
at org.testng.SuiteRunner.privateRun(SuiteRunner.java:391)
at org.testng.SuiteRunner.run(SuiteRunner.java:330)
at org.testng.SuiteRunnerWorker.runSuite(SuiteRunnerWorker.java:52)
at org.testng.SuiteRunnerWorker.run(SuiteRunnerWorker.java:95)
at org.testng.TestNG.runSuitesSequentially(TestNG.java:1256)
at org.testng.TestNG.runSuitesLocally(TestNG.java:1176)
at org.testng.TestNG.runSuites(TestNG.java:1099)
at org.testng.TestNG.run(TestNG.java:1067)
at org.testng.remote.AbstractRemoteTestNG.run(AbstractRemoteTestNG.java:115)
at org.testng.remote.RemoteTestNG.initAndRun(RemoteTestNG.java:251)
at org.testng.remote.RemoteTestNG.main(RemoteTestNG.java:77)
]]>
            </full-stacktrace>
          </exception> <!-- org.openqa.selenium.InvalidSelectorException -->
          <reporter-output>
          </reporter-output>
        </test-method> <!-- provideFeedbackOnUrbanPro -->
        <test-method is-config="true" signature="quitDriver()[pri:0, instance:com.companyname.projectname.testcases.login.ProvideFeedbackOnUrbanPro@663c9e7a]" started-at="2023-11-05T07:37:41 GMT" name="quitDriver" finished-at="2023-11-05T07:37:42 GMT" duration-ms="543" status="PASS">
          <reporter-output>
          </reporter-output>
        </test-method> <!-- quitDriver -->
      </class> <!-- com.companyname.projectname.testcases.login.ProvideFeedbackOnUrbanPro -->
    </test> <!-- Inqury Test -->
  </suite> <!-- Regression Test -->
</testng-results>
