<?xml version="1.0" encoding="UTF-8"?>
<!-- Generated by org.testng.reporters.JUnitXMLReporter -->
<testsuite ignored="2" hostname="Rahuls-MacBook-Pro.local" failures="1" tests="2" name="Inqury Test" time="26.527" errors="0" timestamp="2023-10-22T07:41:42 BST">
  <testcase classname="com.companyname.projectname.testcases.login.PostInquiry004POM" name="postInquiry004POM" time="5.8"/>
  <testcase classname="com.companyname.projectname.testcases.login.ProvideFeedbackOnUrbanPro" name="provideFeedbackOnUrbanPro" time="1.915">
    <failure type="org.openqa.selenium.InvalidSelectorException" message="invalid selector: Unable to locate an element with the xpath expression  because of the following error:
SyntaxError: Failed to execute &amp;apos;evaluate&amp;apos; on &amp;apos;Document&amp;apos;: The string &amp;apos;&amp;apos; is not a valid XPath expression.
  (Session info: chrome=118.0.5993.88)
For documentation on this error, please visit: https://www.selenium.dev/documentation/webdriver/troubleshooting/errors#invalid-selector-exception
Build info: version: &amp;apos;4.12.1&amp;apos;, revision: &amp;apos;8e34639b11&amp;apos;
System info: os.name: &amp;apos;Mac OS X&amp;apos;, os.arch: &amp;apos;x86_64&amp;apos;, os.version: &amp;apos;13.6&amp;apos;, java.version: &amp;apos;17.0.8.1&amp;apos;
Driver info: org.openqa.selenium.chrome.ChromeDriver
Command: [15538054d575a72f2872459523cce929, findElement {using=xpath, value=}]
Capabilities {acceptInsecureCerts: false, browserName: chrome, browserVersion: 118.0.5993.88, chrome: {chromedriverVersion: 118.0.5993.70 (e52f33f30b91..., userDataDir: /var/folders/2c/k7rcd0wx405...}, fedcm:accounts: true, goog:chromeOptions: {debuggerAddress: localhost:63355}, networkConnectionEnabled: false, pageLoadStrategy: normal, platformName: mac, proxy: Proxy(), se:cdp: ws://localhost:63355/devtoo..., se:cdpVersion: 118.0.5993.88, setWindowRect: true, strictFileInteractability: false, timeouts: {implicit: 0, pageLoad: 300000, script: 30000}, unhandledPromptBehavior: dismiss and notify, webauthn:extension:credBlob: true, webauthn:extension:largeBlob: true, webauthn:extension:minPinLength: true, webauthn:extension:prf: true, webauthn:virtualAuthenticators: true}
Session ID: 15538054d575a72f2872459523cce929">
      <![CDATA[org.openqa.selenium.InvalidSelectorException: invalid selector: Unable to locate an element with the xpath expression  because of the following error:
SyntaxError: Failed to execute 'evaluate' on 'Document': The string '' is not a valid XPath expression.
  (Session info: chrome=118.0.5993.88)
For documentation on this error, please visit: https://www.selenium.dev/documentation/webdriver/troubleshooting/errors#invalid-selector-exception
Build info: version: '4.12.1', revision: '8e34639b11'
System info: os.name: 'Mac OS X', os.arch: 'x86_64', os.version: '13.6', java.version: '17.0.8.1'
Driver info: org.openqa.selenium.chrome.ChromeDriver
Command: [15538054d575a72f2872459523cce929, findElement {using=xpath, value=}]
Capabilities {acceptInsecureCerts: false, browserName: chrome, browserVersion: 118.0.5993.88, chrome: {chromedriverVersion: 118.0.5993.70 (e52f33f30b91..., userDataDir: /var/folders/2c/k7rcd0wx405...}, fedcm:accounts: true, goog:chromeOptions: {debuggerAddress: localhost:63355}, networkConnectionEnabled: false, pageLoadStrategy: normal, platformName: mac, proxy: Proxy(), se:cdp: ws://localhost:63355/devtoo..., se:cdpVersion: 118.0.5993.88, setWindowRect: true, strictFileInteractability: false, timeouts: {implicit: 0, pageLoad: 300000, script: 30000}, unhandledPromptBehavior: dismiss and notify, webauthn:extension:credBlob: true, webauthn:extension:largeBlob: true, webauthn:extension:minPinLength: true, webauthn:extension:prf: true, webauthn:virtualAuthenticators: true}
Session ID: 15538054d575a72f2872459523cce929
at org.openqa.selenium.remote.codec.w3c.W3CHttpResponseCodec.createException(W3CHttpResponseCodec.java:200)
at org.openqa.selenium.remote.codec.w3c.W3CHttpResponseCodec.decode(W3CHttpResponseCodec.java:133)
at org.openqa.selenium.remote.codec.w3c.W3CHttpResponseCodec.decode(W3CHttpResponseCodec.java:52)
at org.openqa.selenium.remote.HttpCommandExecutor.execute(HttpCommandExecutor.java:191)
at org.openqa.selenium.remote.service.DriverCommandExecutor.invokeExecute(DriverCommandExecutor.java:196)
at org.openqa.selenium.remote.service.DriverCommandExecutor.execute(DriverCommandExecutor.java:171)
at org.openqa.selenium.remote.RemoteWebDriver.execute(RemoteWebDriver.java:602)
at org.openqa.selenium.remote.ElementLocation$ElementFinder$2.findElement(ElementLocation.java:165)
at org.openqa.selenium.remote.ElementLocation.findElement(ElementLocation.java:59)
at org.openqa.selenium.remote.RemoteWebDriver.findElement(RemoteWebDriver.java:359)
at org.openqa.selenium.remote.RemoteWebDriver.findElement(RemoteWebDriver.java:353)
at com.companyname.projectname.utility.CommonMethods.selectByValue(CommonMethods.java:71)
at com.companyname.projectname.pages.UrbanProPage.provideFeedbackOnUrbanProPlatform(UrbanProPage.java:16)
at com.companyname.projectname.testcases.login.ProvideFeedbackOnUrbanPro.provideFeedbackOnUrbanPro(ProvideFeedbackOnUrbanPro.java:29)
at java.base/java.util.ArrayList.forEach(ArrayList.java:1511)
... Removed 32 stack frames]]>
    </failure>
  </testcase> <!-- provideFeedbackOnUrbanPro -->
  <testcase classname="com.companyname.projectname.testbase.TestBase" name="@AfterSuite generateReport" time="0.0">
    <ignored/>
  </testcase> <!-- @AfterSuite generateReport -->
  <testcase classname="com.companyname.projectname.testbase.TestBase" name="@BeforeSuite init" time="0.0">
    <ignored/>
  </testcase> <!-- @BeforeSuite init -->
</testsuite> <!-- Inqury Test -->
